[2026-04-30T17:29:54.653+0000] {local_task_job_runner.py:123} INFO - ::group::Pre task execution logs
[2026-04-30T17:29:54.661+0000] {taskinstance.py:2614} INFO - Dependencies all met for dep_context=non-requeueable deps ti=<TaskInstance: Medium_to_Pinecone.create_pinecone_index manual__2026-04-30T17:24:37.569241+00:00 [queued]>
[2026-04-30T17:29:54.665+0000] {taskinstance.py:2614} INFO - Dependencies all met for dep_context=requeueable deps ti=<TaskInstance: Medium_to_Pinecone.create_pinecone_index manual__2026-04-30T17:24:37.569241+00:00 [queued]>
[2026-04-30T17:29:54.665+0000] {taskinstance.py:2867} INFO - Starting attempt 2 of 2
[2026-04-30T17:29:54.671+0000] {taskinstance.py:2890} INFO - Executing <Task(_PythonDecoratedOperator): create_pinecone_index> on 2026-04-30 17:24:37.569241+00:00
[2026-04-30T17:29:54.694+0000] {logging_mixin.py:190} WARNING - /home/***/.local/lib/python3.12/site-packages/***/task/task_runner/standard_task_runner.py:70 DeprecationWarning: This process (pid=11635) is multi-threaded, use of fork() may lead to deadlocks in the child.
[2026-04-30T17:29:54.693+0000] {standard_task_runner.py:104} INFO - Running: ['***', 'tasks', 'run', 'Medium_to_Pinecone', 'create_pinecone_index', 'manual__2026-04-30T17:24:37.569241+00:00', '--job-id', '14', '--raw', '--subdir', 'DAGS_FOLDER/pinecone_***_job.py', '--cfg-path', '/tmp/tmpjmr38djn']
[2026-04-30T17:29:54.695+0000] {standard_task_runner.py:72} INFO - Started process 11644 to run task
[2026-04-30T17:29:54.696+0000] {standard_task_runner.py:105} INFO - Job 14: Subtask create_pinecone_index
[2026-04-30T17:29:54.739+0000] {task_command.py:467} INFO - Running <TaskInstance: Medium_to_Pinecone.create_pinecone_index manual__2026-04-30T17:24:37.569241+00:00 [running]> on host 9cf54d03a6ec
[2026-04-30T17:29:54.784+0000] {taskinstance.py:3134} INFO - Exporting env vars: AIRFLOW_CTX_DAG_OWNER='***' AIRFLOW_CTX_DAG_ID='Medium_to_Pinecone' AIRFLOW_CTX_TASK_ID='create_pinecone_index' AIRFLOW_CTX_EXECUTION_DATE='2026-04-30T17:24:37.569241+00:00' AIRFLOW_CTX_TRY_NUMBER='2' AIRFLOW_CTX_DAG_RUN_ID='manual__2026-04-30T17:24:37.569241+00:00'
[2026-04-30T17:29:54.785+0000] {taskinstance.py:732} INFO - ::endgroup::
[2026-04-30T17:29:54.797+0000] {discover_namespace_packages.py:12} INFO - Discovering subpackages in _NamespacePath(['/home/***/.local/lib/python3.12/site-packages/pinecone_plugins'])
[2026-04-30T17:29:54.797+0000] {discover_plugins.py:9} INFO - Looking for plugins in pinecone_plugins.inference
[2026-04-30T17:29:54.803+0000] {installation.py:10} INFO - Installing plugin inference into Pinecone
[2026-04-30T17:29:55.030+0000] {logging_mixin.py:190} INFO - Index 'semantic-search-fast' already exists. Deleting it first...
[2026-04-30T17:30:11.237+0000] {logging_mixin.py:190} INFO - Pinecone index 'semantic-search-fast' created successfully
[2026-04-30T17:30:11.251+0000] {python.py:240} INFO - Done. Returned value was: semantic-search-fast
[2026-04-30T17:30:11.299+0000] {taskinstance.py:341} INFO - ::group::Post task execution logs
[2026-04-30T17:30:11.299+0000] {taskinstance.py:353} INFO - Marking task as SUCCESS. dag_id=Medium_to_Pinecone, task_id=create_pinecone_index, run_id=manual__2026-04-30T17:24:37.569241+00:00, execution_date=20260430T172437, start_date=20260430T172954, end_date=20260430T173011
[2026-04-30T17:30:11.371+0000] {local_task_job_runner.py:266} INFO - Task exited with return code 0
[2026-04-30T17:30:11.395+0000] {taskinstance.py:3901} INFO - 1 downstream tasks scheduled from follow-on schedule check
[2026-04-30T17:30:11.396+0000] {local_task_job_runner.py:245} INFO - ::endgroup::
