[2026-04-30T17:24:57.516+0000] {local_task_job_runner.py:123} INFO - ::group::Pre task execution logs
[2026-04-30T17:24:57.543+0000] {taskinstance.py:2614} INFO - Dependencies all met for dep_context=non-requeueable deps ti=<TaskInstance: Medium_to_Pinecone.preprocess_data manual__2026-04-30T17:24:37.569241+00:00 [queued]>
[2026-04-30T17:24:57.549+0000] {taskinstance.py:2614} INFO - Dependencies all met for dep_context=requeueable deps ti=<TaskInstance: Medium_to_Pinecone.preprocess_data manual__2026-04-30T17:24:37.569241+00:00 [queued]>
[2026-04-30T17:24:57.550+0000] {taskinstance.py:2867} INFO - Starting attempt 1 of 2
[2026-04-30T17:24:57.559+0000] {taskinstance.py:2890} INFO - Executing <Task(_PythonDecoratedOperator): preprocess_data> on 2026-04-30 17:24:37.569241+00:00
[2026-04-30T17:24:57.607+0000] {logging_mixin.py:190} WARNING - /home/***/.local/lib/python3.12/site-packages/***/task/task_runner/standard_task_runner.py:70 DeprecationWarning: This process (pid=11402) is multi-threaded, use of fork() may lead to deadlocks in the child.
[2026-04-30T17:24:57.609+0000] {standard_task_runner.py:72} INFO - Started process 11411 to run task
[2026-04-30T17:24:57.602+0000] {standard_task_runner.py:104} INFO - Running: ['***', 'tasks', 'run', 'Medium_to_Pinecone', 'preprocess_data', 'manual__2026-04-30T17:24:37.569241+00:00', '--job-id', '7', '--raw', '--subdir', 'DAGS_FOLDER/pinecone_***_job.py', '--cfg-path', '/tmp/tmp4seajl8v']
[2026-04-30T17:24:57.610+0000] {standard_task_runner.py:105} INFO - Job 7: Subtask preprocess_data
[2026-04-30T17:24:57.645+0000] {task_command.py:467} INFO - Running <TaskInstance: Medium_to_Pinecone.preprocess_data manual__2026-04-30T17:24:37.569241+00:00 [running]> on host 9cf54d03a6ec
[2026-04-30T17:24:57.717+0000] {taskinstance.py:3134} INFO - Exporting env vars: AIRFLOW_CTX_DAG_OWNER='***' AIRFLOW_CTX_DAG_ID='Medium_to_Pinecone' AIRFLOW_CTX_TASK_ID='preprocess_data' AIRFLOW_CTX_EXECUTION_DATE='2026-04-30T17:24:37.569241+00:00' AIRFLOW_CTX_TRY_NUMBER='1' AIRFLOW_CTX_DAG_RUN_ID='manual__2026-04-30T17:24:37.569241+00:00'
[2026-04-30T17:24:57.725+0000] {taskinstance.py:732} INFO - ::endgroup::
[2026-04-30T17:24:57.788+0000] {logging_mixin.py:190} INFO - Preprocessed data saved to /tmp/medium_data/medium_preprocessed.csv
[2026-04-30T17:24:57.788+0000] {logging_mixin.py:190} INFO - Total rows after preprocessing: 2498
[2026-04-30T17:24:57.788+0000] {python.py:240} INFO - Done. Returned value was: /tmp/medium_data/medium_preprocessed.csv
[2026-04-30T17:24:57.801+0000] {taskinstance.py:341} INFO - ::group::Post task execution logs
[2026-04-30T17:24:57.801+0000] {taskinstance.py:353} INFO - Marking task as SUCCESS. dag_id=Medium_to_Pinecone, task_id=preprocess_data, run_id=manual__2026-04-30T17:24:37.569241+00:00, execution_date=20260430T172437, start_date=20260430T172457, end_date=20260430T172457
[2026-04-30T17:24:57.835+0000] {local_task_job_runner.py:266} INFO - Task exited with return code 0
[2026-04-30T17:24:57.851+0000] {taskinstance.py:3901} INFO - 0 downstream tasks scheduled from follow-on schedule check
[2026-04-30T17:24:57.852+0000] {local_task_job_runner.py:245} INFO - ::endgroup::
