[2026-04-30T17:24:49.183+0000] {local_task_job_runner.py:123} INFO - ::group::Pre task execution logs
[2026-04-30T17:24:49.277+0000] {taskinstance.py:2614} INFO - Dependencies all met for dep_context=non-requeueable deps ti=<TaskInstance: Medium_to_Pinecone.preprocess_data scheduled__2026-04-23T00:00:00+00:00 [queued]>
[2026-04-30T17:24:49.293+0000] {taskinstance.py:2614} INFO - Dependencies all met for dep_context=requeueable deps ti=<TaskInstance: Medium_to_Pinecone.preprocess_data scheduled__2026-04-23T00:00:00+00:00 [queued]>
[2026-04-30T17:24:49.294+0000] {taskinstance.py:2867} INFO - Starting attempt 1 of 2
[2026-04-30T17:24:49.304+0000] {taskinstance.py:2890} INFO - Executing <Task(_PythonDecoratedOperator): preprocess_data> on 2026-04-23 00:00:00+00:00
[2026-04-30T17:24:49.345+0000] {standard_task_runner.py:104} INFO - Running: ['***', 'tasks', 'run', 'Medium_to_Pinecone', 'preprocess_data', 'scheduled__2026-04-23T00:00:00+00:00', '--job-id', '5', '--raw', '--subdir', 'DAGS_FOLDER/pinecone_***_job.py', '--cfg-path', '/tmp/tmp47qsd9be']
[2026-04-30T17:24:49.350+0000] {standard_task_runner.py:105} INFO - Job 5: Subtask preprocess_data
[2026-04-30T17:24:49.358+0000] {logging_mixin.py:190} WARNING - /home/***/.local/lib/python3.12/site-packages/***/task/task_runner/standard_task_runner.py:70 DeprecationWarning: This process (pid=11358) is multi-threaded, use of fork() may lead to deadlocks in the child.
[2026-04-30T17:24:49.363+0000] {standard_task_runner.py:72} INFO - Started process 11396 to run task
[2026-04-30T17:24:49.490+0000] {task_command.py:467} INFO - Running <TaskInstance: Medium_to_Pinecone.preprocess_data scheduled__2026-04-23T00:00:00+00:00 [running]> on host 9cf54d03a6ec
[2026-04-30T17:24:49.829+0000] {taskinstance.py:3134} INFO - Exporting env vars: AIRFLOW_CTX_DAG_OWNER='***' AIRFLOW_CTX_DAG_ID='Medium_to_Pinecone' AIRFLOW_CTX_TASK_ID='preprocess_data' AIRFLOW_CTX_EXECUTION_DATE='2026-04-23T00:00:00+00:00' AIRFLOW_CTX_TRY_NUMBER='1' AIRFLOW_CTX_DAG_RUN_ID='scheduled__2026-04-23T00:00:00+00:00'
[2026-04-30T17:24:49.848+0000] {taskinstance.py:732} INFO - ::endgroup::
[2026-04-30T17:24:49.991+0000] {logging_mixin.py:190} INFO - Preprocessed data saved to /tmp/medium_data/medium_preprocessed.csv
[2026-04-30T17:24:49.991+0000] {logging_mixin.py:190} INFO - Total rows after preprocessing: 2498
[2026-04-30T17:24:49.992+0000] {python.py:240} INFO - Done. Returned value was: /tmp/medium_data/medium_preprocessed.csv
[2026-04-30T17:24:50.005+0000] {taskinstance.py:341} INFO - ::group::Post task execution logs
[2026-04-30T17:24:50.005+0000] {taskinstance.py:353} INFO - Marking task as SUCCESS. dag_id=Medium_to_Pinecone, task_id=preprocess_data, run_id=scheduled__2026-04-23T00:00:00+00:00, execution_date=20260423T000000, start_date=20260430T172449, end_date=20260430T172450
[2026-04-30T17:24:50.053+0000] {local_task_job_runner.py:266} INFO - Task exited with return code 0
[2026-04-30T17:24:50.081+0000] {taskinstance.py:3901} INFO - 0 downstream tasks scheduled from follow-on schedule check
[2026-04-30T17:24:50.083+0000] {local_task_job_runner.py:245} INFO - ::endgroup::
