[2026-04-30T17:29:43.502+0000] {local_task_job_runner.py:123} INFO - ::group::Pre task execution logs
[2026-04-30T17:29:43.512+0000] {taskinstance.py:2614} INFO - Dependencies all met for dep_context=non-requeueable deps ti=<TaskInstance: Medium_to_Pinecone.create_pinecone_index scheduled__2026-04-23T00:00:00+00:00 [queued]>
[2026-04-30T17:29:43.517+0000] {taskinstance.py:2614} INFO - Dependencies all met for dep_context=requeueable deps ti=<TaskInstance: Medium_to_Pinecone.create_pinecone_index scheduled__2026-04-23T00:00:00+00:00 [queued]>
[2026-04-30T17:29:43.517+0000] {taskinstance.py:2867} INFO - Starting attempt 2 of 2
[2026-04-30T17:29:43.527+0000] {taskinstance.py:2890} INFO - Executing <Task(_PythonDecoratedOperator): create_pinecone_index> on 2026-04-23 00:00:00+00:00
[2026-04-30T17:29:43.558+0000] {standard_task_runner.py:104} INFO - Running: ['***', 'tasks', 'run', 'Medium_to_Pinecone', 'create_pinecone_index', 'scheduled__2026-04-23T00:00:00+00:00', '--job-id', '13', '--raw', '--subdir', 'DAGS_FOLDER/pinecone_***_job.py', '--cfg-path', '/tmp/tmprmi_xxpk']
[2026-04-30T17:29:43.566+0000] {standard_task_runner.py:105} INFO - Job 13: Subtask create_pinecone_index
[2026-04-30T17:29:43.568+0000] {logging_mixin.py:190} WARNING - /home/***/.local/lib/python3.12/site-packages/***/task/task_runner/standard_task_runner.py:70 DeprecationWarning: This process (pid=11624) is multi-threaded, use of fork() may lead to deadlocks in the child.
[2026-04-30T17:29:43.569+0000] {standard_task_runner.py:72} INFO - Started process 11633 to run task
[2026-04-30T17:29:43.627+0000] {task_command.py:467} INFO - Running <TaskInstance: Medium_to_Pinecone.create_pinecone_index scheduled__2026-04-23T00:00:00+00:00 [running]> on host 9cf54d03a6ec
[2026-04-30T17:29:43.676+0000] {taskinstance.py:3134} INFO - Exporting env vars: AIRFLOW_CTX_DAG_OWNER='***' AIRFLOW_CTX_DAG_ID='Medium_to_Pinecone' AIRFLOW_CTX_TASK_ID='create_pinecone_index' AIRFLOW_CTX_EXECUTION_DATE='2026-04-23T00:00:00+00:00' AIRFLOW_CTX_TRY_NUMBER='2' AIRFLOW_CTX_DAG_RUN_ID='scheduled__2026-04-23T00:00:00+00:00'
[2026-04-30T17:29:43.681+0000] {taskinstance.py:732} INFO - ::endgroup::
[2026-04-30T17:29:43.697+0000] {discover_namespace_packages.py:12} INFO - Discovering subpackages in _NamespacePath(['/home/***/.local/lib/python3.12/site-packages/pinecone_plugins'])
[2026-04-30T17:29:43.698+0000] {discover_plugins.py:9} INFO - Looking for plugins in pinecone_plugins.inference
[2026-04-30T17:29:43.705+0000] {installation.py:10} INFO - Installing plugin inference into Pinecone
[2026-04-30T17:29:43.977+0000] {logging_mixin.py:190} INFO - Index 'semantic-search-fast' already exists. Deleting it first...
[2026-04-30T17:29:59.849+0000] {taskinstance.py:3313} ERROR - Task failed with exception
Traceback (most recent call last):
  File "/home/airflow/.local/lib/python3.12/site-packages/airflow/models/taskinstance.py", line 768, in _execute_task
    result = _execute_callable(context=context, **execute_callable_kwargs)
             ^^^^^^^^^^^^^^^^^^^^^^^^^^^^^^^^^^^^^^^^^^^^^^^^^^^^^^^^^^^^^
  File "/home/airflow/.local/lib/python3.12/site-packages/airflow/models/taskinstance.py", line 734, in _execute_callable
    return ExecutionCallableRunner(
           ^^^^^^^^^^^^^^^^^^^^^^^^
  File "/home/airflow/.local/lib/python3.12/site-packages/airflow/utils/operator_helpers.py", line 252, in run
    return self.func(*args, **kwargs)
           ^^^^^^^^^^^^^^^^^^^^^^^^^^
  File "/home/airflow/.local/lib/python3.12/site-packages/airflow/models/baseoperator.py", line 424, in wrapper
    return func(self, *args, **kwargs)
           ^^^^^^^^^^^^^^^^^^^^^^^^^^^
  File "/home/airflow/.local/lib/python3.12/site-packages/airflow/decorators/base.py", line 266, in execute
    return_value = super().execute(context)
                   ^^^^^^^^^^^^^^^^^^^^^^^^
  File "/home/airflow/.local/lib/python3.12/site-packages/airflow/models/baseoperator.py", line 424, in wrapper
    return func(self, *args, **kwargs)
           ^^^^^^^^^^^^^^^^^^^^^^^^^^^
  File "/home/airflow/.local/lib/python3.12/site-packages/airflow/operators/python.py", line 238, in execute
    return_value = self.execute_callable()
                   ^^^^^^^^^^^^^^^^^^^^^^^
  File "/home/airflow/.local/lib/python3.12/site-packages/airflow/operators/python.py", line 256, in execute_callable
    return runner.run(*self.op_args, **self.op_kwargs)
           ^^^^^^^^^^^^^^^^^^^^^^^^^^^^^^^^^^^^^^^^^^^
  File "/home/airflow/.local/lib/python3.12/site-packages/airflow/utils/operator_helpers.py", line 252, in run
    return self.func(*args, **kwargs)
           ^^^^^^^^^^^^^^^^^^^^^^^^^^
  File "/opt/airflow/dags/pinecone_airflow_job.py", line 108, in create_pinecone_index
    pc.create_index(
  File "/home/airflow/.local/lib/python3.12/site-packages/pinecone/control/pinecone.py", line 402, in create_index
    while not is_ready():
              ^^^^^^^^^^
  File "/home/airflow/.local/lib/python3.12/site-packages/pinecone/control/pinecone.py", line 395, in is_ready
    status = self._get_status(name)
             ^^^^^^^^^^^^^^^^^^^^^^
  File "/home/airflow/.local/lib/python3.12/site-packages/pinecone/control/pinecone.py", line 697, in _get_status
    response = api_instance.describe_index(name)
               ^^^^^^^^^^^^^^^^^^^^^^^^^^^^^^^^^
  File "/home/airflow/.local/lib/python3.12/site-packages/pinecone/core/openapi/shared/api_client.py", line 761, in __call__
    return self.callable(self, *args, **kwargs)
           ^^^^^^^^^^^^^^^^^^^^^^^^^^^^^^^^^^^^
  File "/home/airflow/.local/lib/python3.12/site-packages/pinecone/core/openapi/control/api/manage_indexes_api.py", line 632, in __describe_index
    return self.call_with_http_info(**kwargs)
           ^^^^^^^^^^^^^^^^^^^^^^^^^^^^^^^^^^
  File "/home/airflow/.local/lib/python3.12/site-packages/pinecone/core/openapi/shared/api_client.py", line 819, in call_with_http_info
    return self.api_client.call_api(
           ^^^^^^^^^^^^^^^^^^^^^^^^^
  File "/home/airflow/.local/lib/python3.12/site-packages/pinecone/core/openapi/shared/api_client.py", line 380, in call_api
    return self.__call_api(
           ^^^^^^^^^^^^^^^^
  File "/home/airflow/.local/lib/python3.12/site-packages/pinecone/core/openapi/shared/api_client.py", line 187, in __call_api
    raise e
  File "/home/airflow/.local/lib/python3.12/site-packages/pinecone/core/openapi/shared/api_client.py", line 175, in __call_api
    response_data = self.request(
                    ^^^^^^^^^^^^^
  File "/home/airflow/.local/lib/python3.12/site-packages/pinecone/core/openapi/shared/api_client.py", line 434, in request
    return self.rest_client.GET(
           ^^^^^^^^^^^^^^^^^^^^^
  File "/home/airflow/.local/lib/python3.12/site-packages/pinecone/core/openapi/shared/rest.py", line 284, in GET
    return self.request(
           ^^^^^^^^^^^^^
  File "/home/airflow/.local/lib/python3.12/site-packages/pinecone/core/openapi/shared/rest.py", line 274, in request
    raise NotFoundException(http_resp=r)
pinecone.core.openapi.shared.exceptions.NotFoundException: (404)
Reason: Not Found
HTTP response headers: HTTPHeaderDict({'content-type': 'text/plain; charset=utf-8', 'vary': 'origin, access-control-request-method, access-control-request-headers', 'access-control-allow-origin': '*', 'access-control-expose-headers': '*', 'x-pinecone-api-version': '2024-07', 'x-cloud-trace-context': 'cfdea9ac7d41247f380791942ec6cedd', 'date': 'Thu, 30 Apr 2026 17:29:59 GMT', 'server': 'Google Frontend', 'Content-Length': '95', 'Via': '1.1 google', 'Alt-Svc': 'h3=":443"; ma=2592000,h3-29=":443"; ma=2592000'})
HTTP response body: {"error":{"code":"NOT_FOUND","message":"Resource semantic-search-fast not found"},"status":404}

[2026-04-30T17:29:59.892+0000] {taskinstance.py:1226} INFO - Marking task as FAILED. dag_id=Medium_to_Pinecone, task_id=create_pinecone_index, run_id=scheduled__2026-04-23T00:00:00+00:00, execution_date=20260423T000000, start_date=20260430T172943, end_date=20260430T172959
[2026-04-30T17:29:59.922+0000] {taskinstance.py:341} INFO - ::group::Post task execution logs
[2026-04-30T17:29:59.923+0000] {standard_task_runner.py:124} ERROR - Failed to execute job 13 for task create_pinecone_index ((404)
Reason: Not Found
HTTP response headers: HTTPHeaderDict({'content-type': 'text/plain; charset=utf-8', 'vary': 'origin, access-control-request-method, access-control-request-headers', 'access-control-allow-origin': '*', 'access-control-expose-headers': '*', 'x-pinecone-api-version': '2024-07', 'x-cloud-trace-context': 'cfdea9ac7d41247f380791942ec6cedd', 'date': 'Thu, 30 Apr 2026 17:29:59 GMT', 'server': 'Google Frontend', 'Content-Length': '95', 'Via': '1.1 google', 'Alt-Svc': 'h3=":443"; ma=2592000,h3-29=":443"; ma=2592000'})
HTTP response body: {"error":{"code":"NOT_FOUND","message":"Resource semantic-search-fast not found"},"status":404}
; 11633)
Traceback (most recent call last):
  File "/home/airflow/.local/lib/python3.12/site-packages/airflow/task/task_runner/standard_task_runner.py", line 117, in _start_by_fork
    ret = args.func(args, dag=self.dag)
          ^^^^^^^^^^^^^^^^^^^^^^^^^^^^^
  File "/home/airflow/.local/lib/python3.12/site-packages/airflow/cli/cli_config.py", line 49, in command
    return func(*args, **kwargs)
           ^^^^^^^^^^^^^^^^^^^^^
  File "/home/airflow/.local/lib/python3.12/site-packages/airflow/utils/cli.py", line 116, in wrapper
    return f(*args, **kwargs)
           ^^^^^^^^^^^^^^^^^^
  File "/home/airflow/.local/lib/python3.12/site-packages/airflow/cli/commands/task_command.py", line 483, in task_run
    task_return_code = _run_task_by_selected_method(args, _dag, ti)
                       ^^^^^^^^^^^^^^^^^^^^^^^^^^^^^^^^^^^^^^^^^^^^
  File "/home/airflow/.local/lib/python3.12/site-packages/airflow/cli/commands/task_command.py", line 256, in _run_task_by_selected_method
    return _run_raw_task(args, ti)
           ^^^^^^^^^^^^^^^^^^^^^^^
  File "/home/airflow/.local/lib/python3.12/site-packages/airflow/cli/commands/task_command.py", line 341, in _run_raw_task
    return ti._run_raw_task(
           ^^^^^^^^^^^^^^^^^
  File "/home/airflow/.local/lib/python3.12/site-packages/airflow/utils/session.py", line 97, in wrapper
    return func(*args, session=session, **kwargs)
           ^^^^^^^^^^^^^^^^^^^^^^^^^^^^^^^^^^^^^^
  File "/home/airflow/.local/lib/python3.12/site-packages/airflow/models/taskinstance.py", line 3006, in _run_raw_task
    return _run_raw_task(
           ^^^^^^^^^^^^^^
  File "/home/airflow/.local/lib/python3.12/site-packages/airflow/models/taskinstance.py", line 274, in _run_raw_task
    TaskInstance._execute_task_with_callbacks(
  File "/home/airflow/.local/lib/python3.12/site-packages/airflow/models/taskinstance.py", line 3161, in _execute_task_with_callbacks
    result = self._execute_task(context, task_orig)
             ^^^^^^^^^^^^^^^^^^^^^^^^^^^^^^^^^^^^^^
  File "/home/airflow/.local/lib/python3.12/site-packages/airflow/models/taskinstance.py", line 3185, in _execute_task
    return _execute_task(self, context, task_orig)
           ^^^^^^^^^^^^^^^^^^^^^^^^^^^^^^^^^^^^^^^
  File "/home/airflow/.local/lib/python3.12/site-packages/airflow/models/taskinstance.py", line 768, in _execute_task
    result = _execute_callable(context=context, **execute_callable_kwargs)
             ^^^^^^^^^^^^^^^^^^^^^^^^^^^^^^^^^^^^^^^^^^^^^^^^^^^^^^^^^^^^^
  File "/home/airflow/.local/lib/python3.12/site-packages/airflow/models/taskinstance.py", line 734, in _execute_callable
    return ExecutionCallableRunner(
           ^^^^^^^^^^^^^^^^^^^^^^^^
  File "/home/airflow/.local/lib/python3.12/site-packages/airflow/utils/operator_helpers.py", line 252, in run
    return self.func(*args, **kwargs)
           ^^^^^^^^^^^^^^^^^^^^^^^^^^
  File "/home/airflow/.local/lib/python3.12/site-packages/airflow/models/baseoperator.py", line 424, in wrapper
    return func(self, *args, **kwargs)
           ^^^^^^^^^^^^^^^^^^^^^^^^^^^
  File "/home/airflow/.local/lib/python3.12/site-packages/airflow/decorators/base.py", line 266, in execute
    return_value = super().execute(context)
                   ^^^^^^^^^^^^^^^^^^^^^^^^
  File "/home/airflow/.local/lib/python3.12/site-packages/airflow/models/baseoperator.py", line 424, in wrapper
    return func(self, *args, **kwargs)
           ^^^^^^^^^^^^^^^^^^^^^^^^^^^
  File "/home/airflow/.local/lib/python3.12/site-packages/airflow/operators/python.py", line 238, in execute
    return_value = self.execute_callable()
                   ^^^^^^^^^^^^^^^^^^^^^^^
  File "/home/airflow/.local/lib/python3.12/site-packages/airflow/operators/python.py", line 256, in execute_callable
    return runner.run(*self.op_args, **self.op_kwargs)
           ^^^^^^^^^^^^^^^^^^^^^^^^^^^^^^^^^^^^^^^^^^^
  File "/home/airflow/.local/lib/python3.12/site-packages/airflow/utils/operator_helpers.py", line 252, in run
    return self.func(*args, **kwargs)
           ^^^^^^^^^^^^^^^^^^^^^^^^^^
  File "/opt/airflow/dags/pinecone_airflow_job.py", line 108, in create_pinecone_index
    pc.create_index(
  File "/home/airflow/.local/lib/python3.12/site-packages/pinecone/control/pinecone.py", line 402, in create_index
    while not is_ready():
              ^^^^^^^^^^
  File "/home/airflow/.local/lib/python3.12/site-packages/pinecone/control/pinecone.py", line 395, in is_ready
    status = self._get_status(name)
             ^^^^^^^^^^^^^^^^^^^^^^
  File "/home/airflow/.local/lib/python3.12/site-packages/pinecone/control/pinecone.py", line 697, in _get_status
    response = api_instance.describe_index(name)
               ^^^^^^^^^^^^^^^^^^^^^^^^^^^^^^^^^
  File "/home/airflow/.local/lib/python3.12/site-packages/pinecone/core/openapi/shared/api_client.py", line 761, in __call__
    return self.callable(self, *args, **kwargs)
           ^^^^^^^^^^^^^^^^^^^^^^^^^^^^^^^^^^^^
  File "/home/airflow/.local/lib/python3.12/site-packages/pinecone/core/openapi/control/api/manage_indexes_api.py", line 632, in __describe_index
    return self.call_with_http_info(**kwargs)
           ^^^^^^^^^^^^^^^^^^^^^^^^^^^^^^^^^^
  File "/home/airflow/.local/lib/python3.12/site-packages/pinecone/core/openapi/shared/api_client.py", line 819, in call_with_http_info
    return self.api_client.call_api(
           ^^^^^^^^^^^^^^^^^^^^^^^^^
  File "/home/airflow/.local/lib/python3.12/site-packages/pinecone/core/openapi/shared/api_client.py", line 380, in call_api
    return self.__call_api(
           ^^^^^^^^^^^^^^^^
  File "/home/airflow/.local/lib/python3.12/site-packages/pinecone/core/openapi/shared/api_client.py", line 187, in __call_api
    raise e
  File "/home/airflow/.local/lib/python3.12/site-packages/pinecone/core/openapi/shared/api_client.py", line 175, in __call_api
    response_data = self.request(
                    ^^^^^^^^^^^^^
  File "/home/airflow/.local/lib/python3.12/site-packages/pinecone/core/openapi/shared/api_client.py", line 434, in request
    return self.rest_client.GET(
           ^^^^^^^^^^^^^^^^^^^^^
  File "/home/airflow/.local/lib/python3.12/site-packages/pinecone/core/openapi/shared/rest.py", line 284, in GET
    return self.request(
           ^^^^^^^^^^^^^
  File "/home/airflow/.local/lib/python3.12/site-packages/pinecone/core/openapi/shared/rest.py", line 274, in request
    raise NotFoundException(http_resp=r)
pinecone.core.openapi.shared.exceptions.NotFoundException: (404)
Reason: Not Found
HTTP response headers: HTTPHeaderDict({'content-type': 'text/plain; charset=utf-8', 'vary': 'origin, access-control-request-method, access-control-request-headers', 'access-control-allow-origin': '*', 'access-control-expose-headers': '*', 'x-pinecone-api-version': '2024-07', 'x-cloud-trace-context': 'cfdea9ac7d41247f380791942ec6cedd', 'date': 'Thu, 30 Apr 2026 17:29:59 GMT', 'server': 'Google Frontend', 'Content-Length': '95', 'Via': '1.1 google', 'Alt-Svc': 'h3=":443"; ma=2592000,h3-29=":443"; ma=2592000'})
HTTP response body: {"error":{"code":"NOT_FOUND","message":"Resource semantic-search-fast not found"},"status":404}

[2026-04-30T17:29:59.988+0000] {local_task_job_runner.py:266} INFO - Task exited with return code 1
[2026-04-30T17:30:00.033+0000] {taskinstance.py:3901} INFO - 0 downstream tasks scheduled from follow-on schedule check
[2026-04-30T17:30:00.038+0000] {local_task_job_runner.py:245} INFO - ::endgroup::
