[2026-04-30T17:26:44.175+0000] {local_task_job_runner.py:123} INFO - ::group::Pre task execution logs
[2026-04-30T17:26:44.187+0000] {taskinstance.py:2614} INFO - Dependencies all met for dep_context=non-requeueable deps ti=<TaskInstance: Medium_to_Pinecone.download_data manual__2026-04-30T17:26:39.303322+00:00 [queued]>
[2026-04-30T17:26:44.195+0000] {taskinstance.py:2614} INFO - Dependencies all met for dep_context=requeueable deps ti=<TaskInstance: Medium_to_Pinecone.download_data manual__2026-04-30T17:26:39.303322+00:00 [queued]>
[2026-04-30T17:26:44.196+0000] {taskinstance.py:2867} INFO - Starting attempt 1 of 2
[2026-04-30T17:26:44.212+0000] {taskinstance.py:2890} INFO - Executing <Task(_PythonDecoratedOperator): download_data> on 2026-04-30 17:26:39.303322+00:00
[2026-04-30T17:26:44.245+0000] {logging_mixin.py:190} WARNING - /home/***/.local/lib/python3.12/site-packages/***/task/task_runner/standard_task_runner.py:70 DeprecationWarning: This process (pid=11453) is multi-threaded, use of fork() may lead to deadlocks in the child.
[2026-04-30T17:26:44.246+0000] {standard_task_runner.py:72} INFO - Started process 11470 to run task
[2026-04-30T17:26:44.245+0000] {standard_task_runner.py:104} INFO - Running: ['***', 'tasks', 'run', 'Medium_to_Pinecone', 'download_data', 'manual__2026-04-30T17:26:39.303322+00:00', '--job-id', '8', '--raw', '--subdir', 'DAGS_FOLDER/pinecone_***_job.py', '--cfg-path', '/tmp/tmpd1bm0sro']
[2026-04-30T17:26:44.247+0000] {standard_task_runner.py:105} INFO - Job 8: Subtask download_data
[2026-04-30T17:26:44.280+0000] {task_command.py:467} INFO - Running <TaskInstance: Medium_to_Pinecone.download_data manual__2026-04-30T17:26:39.303322+00:00 [running]> on host 9cf54d03a6ec
[2026-04-30T17:26:44.320+0000] {taskinstance.py:3134} INFO - Exporting env vars: AIRFLOW_CTX_DAG_OWNER='***' AIRFLOW_CTX_DAG_ID='Medium_to_Pinecone' AIRFLOW_CTX_TASK_ID='download_data' AIRFLOW_CTX_EXECUTION_DATE='2026-04-30T17:26:39.303322+00:00' AIRFLOW_CTX_TRY_NUMBER='1' AIRFLOW_CTX_DAG_RUN_ID='manual__2026-04-30T17:26:39.303322+00:00'
[2026-04-30T17:26:44.322+0000] {taskinstance.py:732} INFO - ::endgroup::
[2026-04-30T17:26:45.102+0000] {logging_mixin.py:190} INFO - Downloaded file path: /tmp/medium_data/medium_data.csv
[2026-04-30T17:26:45.104+0000] {logging_mixin.py:190} INFO - Downloaded file has 2499 lines
[2026-04-30T17:26:45.105+0000] {python.py:240} INFO - Done. Returned value was: /tmp/medium_data/medium_data.csv
[2026-04-30T17:26:45.137+0000] {taskinstance.py:341} INFO - ::group::Post task execution logs
[2026-04-30T17:26:45.137+0000] {taskinstance.py:353} INFO - Marking task as SUCCESS. dag_id=Medium_to_Pinecone, task_id=download_data, run_id=manual__2026-04-30T17:26:39.303322+00:00, execution_date=20260430T172639, start_date=20260430T172644, end_date=20260430T172645
[2026-04-30T17:26:45.181+0000] {local_task_job_runner.py:266} INFO - Task exited with return code 0
[2026-04-30T17:26:45.198+0000] {taskinstance.py:3901} INFO - 1 downstream tasks scheduled from follow-on schedule check
[2026-04-30T17:26:45.199+0000] {local_task_job_runner.py:245} INFO - ::endgroup::
